# JRE version: OpenJDK Runtime Environment (17.0.11) (build 17.0.11+0--11852314)
# Java VM: OpenJDK 64-Bit Server VM (17.0.11+0--11852314, mixed mode, tiered, compressed oops, compressed class ptrs, g1 gc, windows-amd64)
GC Precious Log:
 CPUs: 8 total, 8 available
 Memory: 16226M
 Large Page Support: Disabled
 NUMA Support: Disabled
 Compressed Oops: Enabled (32-bit)
 Heap Region Size: 1M
 Heap Min Capacity: 8M
 Heap Initial Capacity: 254M
 Heap Max Capacity: 2G
 Pre-touch: Disabled
 Parallel Workers: 8
 Concurrent Workers: 2
 Concurrent Refinement Workers: 8
 Periodic GC: Disabled
Heap:
 garbage-first heap   total 373760K, used 164507K [0x0000000080000000, 0x0000000100000000)
  region size 1024K, 2 young (2048K), 2 survivors (2048K)
 Metaspace       used 158587K, committed 160192K, reserved 1245184K
  class space    used 21314K, committed 22080K, reserved 1048576K
GC Heap History (20 events):
Event: 980.585 GC heap after
{Heap after GC invocations=86 (full 0):
 garbage-first heap   total 362496K, used 170802K [0x0000000080000000, 0x0000000100000000)
  region size 1024K, 2 young (2048K), 2 survivors (2048K)
 Metaspace       used 155061K, committed 156288K, reserved 1245184K
  class space    used 20930K, committed 21504K, reserved 1048576K
}
Event: 982.622 GC heap before
{Heap before GC invocations=86 (full 0):
 garbage-first heap   total 362496K, used 290610K [0x0000000080000000, 0x0000000100000000)
  region size 1024K, 121 young (123904K), 2 survivors (2048K)
 Metaspace       used 155398K, committed 156672K, reserved 1245184K
  class space    used 20971K, committed 21568K, reserved 1048576K
}
Event: 982.631 GC heap after
{Heap after GC invocations=87 (full 0):
 garbage-first heap   total 362496K, used 179729K [0x0000000080000000, 0x0000000100000000)
  region size 1024K, 11 young (11264K), 11 survivors (11264K)
 Metaspace       used 155398K, committed 156672K, reserved 1245184K
  class space    used 20971K, committed 21568K, reserved 1048576K
}
Event: 1738.848 GC heap before
{Heap before GC invocations=88 (full 0):
 garbage-first heap   total 373760K, used 349713K [0x0000000080000000, 0x0000000100000000)
  region size 1024K, 117 young (119808K), 11 survivors (11264K)
 Metaspace       used 155691K, committed 156928K, reserved 1245184K
  class space    used 20972K, committed 21568K, reserved 1048576K
}
Event: 1738.865 GC heap after
{Heap after GC invocations=89 (full 0):
 garbage-first heap   total 373760K, used 183808K [0x0000000080000000, 0x0000000100000000)
  region size 1024K, 11 young (11264K), 11 survivors (11264K)
 Metaspace       used 155691K, committed 156928K, reserved 1245184K
  class space    used 20972K, committed 21568K, reserved 1048576K
}
Event: 1738.896 GC heap before
{Heap before GC invocations=89 (full 0):
 garbage-first heap   total 373760K, used 190976K [0x0000000080000000, 0x0000000100000000)
  region size 1024K, 18 young (18432K), 11 survivors (11264K)
 Metaspace       used 155693K, committed 156928K, reserved 1245184K
  class space    used 20972K, committed 21568K, reserved 1048576K
}
Event: 1738.907 GC heap after
{Heap after GC invocations=90 (full 0):
 garbage-first heap   total 373760K, used 165525K [0x0000000080000000, 0x0000000100000000)
  region size 1024K, 3 young (3072K), 3 survivors (3072K)
 Metaspace       used 155693K, committed 156928K, reserved 1245184K
  class space    used 20972K, committed 21568K, reserved 1048576K
}
Event: 1740.554 GC heap before
{Heap before GC invocations=90 (full 0):
 garbage-first heap   total 373760K, used 238229K [0x0000000080000000, 0x0000000100000000)
  region size 1024K, 75 young (76800K), 3 survivors (3072K)
 Metaspace       used 155997K, committed 157312K, reserved 1245184K
  class space    used 21003K, committed 21632K, reserved 1048576K
}
Event: 1740.559 GC heap after
{Heap after GC invocations=91 (full 0):
 garbage-first heap   total 373760K, used 168278K [0x0000000080000000, 0x0000000100000000)
  region size 1024K, 5 young (5120K), 5 survivors (5120K)
 Metaspace       used 155997K, committed 157312K, reserved 1245184K
  class space    used 21003K, committed 21632K, reserved 1048576K
}
Event: 2468.241 GC heap before
{Heap before GC invocations=92 (full 0):
 garbage-first heap   total 373760K, used 351574K [0x0000000080000000, 0x0000000100000000)
  region size 1024K, 124 young (126976K), 5 survivors (5120K)
 Metaspace       used 156323K, committed 157632K, reserved 1245184K
  class space    used 21027K, committed 21632K, reserved 1048576K
}
Event: 2468.255 GC heap after
{Heap after GC invocations=93 (full 0):
 garbage-first heap   total 373760K, used 176487K [0x0000000080000000, 0x0000000100000000)
  region size 1024K, 15 young (15360K), 15 survivors (15360K)
 Metaspace       used 156323K, committed 157632K, reserved 1245184K
  class space    used 21027K, committed 21632K, reserved 1048576K
}
Event: 2468.289 GC heap before
{Heap before GC invocations=93 (full 0):
 garbage-first heap   total 373760K, used 179559K [0x0000000080000000, 0x0000000100000000)
  region size 1024K, 18 young (18432K), 15 survivors (15360K)
 Metaspace       used 156347K, committed 157696K, reserved 1245184K
  class space    used 21035K, committed 21696K, reserved 1048576K
}
Event: 2468.304 GC heap after
{Heap after GC invocations=94 (full 0):
 garbage-first heap   total 373760K, used 165488K [0x0000000080000000, 0x0000000100000000)
  region size 1024K, 2 young (2048K), 2 survivors (2048K)
 Metaspace       used 156347K, committed 157696K, reserved 1245184K
  class space    used 21035K, committed 21696K, reserved 1048576K
}
Event: 2472.181 GC heap before
{Heap before GC invocations=94 (full 0):
 garbage-first heap   total 373760K, used 293488K [0x0000000080000000, 0x0000000100000000)
  region size 1024K, 129 young (132096K), 2 survivors (2048K)
 Metaspace       used 158662K, committed 160128K, reserved 1245184K
  class space    used 21380K, committed 22080K, reserved 1048576K
}
Event: 2472.189 GC heap after
{Heap after GC invocations=95 (full 0):
 garbage-first heap   total 373760K, used 172926K [0x0000000080000000, 0x0000000100000000)
  region size 1024K, 10 young (10240K), 10 survivors (10240K)
 Metaspace       used 158662K, committed 160128K, reserved 1245184K
  class space    used 21380K, committed 22080K, reserved 1048576K
}
Event: 2501.782 GC heap before
{Heap before GC invocations=96 (full 0):
 garbage-first heap   total 373760K, used 323454K [0x0000000080000000, 0x0000000100000000)
  region size 1024K, 136 young (139264K), 10 survivors (10240K)
 Metaspace       used 158566K, committed 160192K, reserved 1245184K
  class space    used 21314K, committed 22080K, reserved 1048576K
}
Event: 2501.802 GC heap after
{Heap after GC invocations=97 (full 0):
 garbage-first heap   total 373760K, used 184745K [0x0000000080000000, 0x0000000100000000)
  region size 1024K, 13 young (13312K), 13 survivors (13312K)
 Metaspace       used 158566K, committed 160192K, reserved 1245184K
  class space    used 21314K, committed 22080K, reserved 1048576K
}
Event: 2501.820 GC heap before
{Heap before GC invocations=97 (full 0):
 garbage-first heap   total 373760K, used 189865K [0x0000000080000000, 0x0000000100000000)
  region size 1024K, 18 young (18432K), 13 survivors (13312K)
 Metaspace       used 158567K, committed 160192K, reserved 1245184K
  class space    used 21314K, committed 22080K, reserved 1048576K
}
Event: 2501.852 GC heap after
{Heap after GC invocations=98 (full 0):
 garbage-first heap   total 373760K, used 165364K [0x0000000080000000, 0x0000000100000000)
  region size 1024K, 2 young (2048K), 2 survivors (2048K)
 Metaspace       used 158567K, committed 160192K, reserved 1245184K
  class space    used 21314K, committed 22080K, reserved 1048576K
}
Event: 2512.105 GC heap before
{Heap before GC invocations=98 (full 0):
 garbage-first heap   total 373760K, used 181748K [0x0000000080000000, 0x0000000100000000)
  region size 1024K, 18 young (18432K), 2 survivors (2048K)
 Metaspace       used 158587K, committed 160192K, reserved 1245184K
  class space    used 21314K, committed 22080K, reserved 1048576K
}

